<?xml version="1.0" encoding="UTF-8"?>
<!-- Generated by org.testng.reporters.JUnitXMLReporter -->
<testsuite ignored="0" hostname="Akshays-MacBook-Air.local" failures="0" tests="6" name="Test" time="13.629" errors="0" timestamp="2023-10-01T21:09:28 IST">
  <testcase classname="api.test.UserTest" name="TestPostUser" time="3.873"/>
  <testcase classname="api.test.UserTest" name="TestGetUser" time="1.461"/>
  <testcase classname="api.test.UserTest" name="TestUpdateUser" time="3.088"/>
  <testcase classname="api.test.UserTest" name="TestDeleteUser" time="1.421"/>
  <testcase classname="api.test.DDTest" name="testPostUser" time="1.498"/>
  <testcase classname="api.test.DDTest" name="testPostUser" time="1.525"/>
</testsuite> <!-- Test -->
