<?xml version="1.0" encoding="UTF-8"?>
<!-- Generated by org.testng.reporters.JUnitXMLReporter -->
<testsuite ignored="0" hostname="Akshays-MacBook-Air.local" failures="0" tests="6" name="Test" time="13.943" errors="0" timestamp="2023-10-01T20:50:25 IST">
  <testcase classname="api.test.UserTest" name="TestPostUser" time="4.856"/>
  <testcase classname="api.test.UserTest" name="TestGetUser" time="1.493"/>
  <testcase classname="api.test.UserTest" name="TestUpdateUser" time="2.904"/>
  <testcase classname="api.test.UserTest" name="TestDeleteUser" time="1.522"/>
  <testcase classname="api.test.DDTest" name="testPostUser" time="1.397"/>
  <testcase classname="api.test.DDTest" name="testPostUser" time="1.287"/>
</testsuite> <!-- Test -->
