<?xml version="1.0" encoding="UTF-8"?>
<testsuite xmlns:xsi="http://www.w3.org/2001/XMLSchema-instance" xsi:noNamespaceSchemaLocation="https://maven.apache.org/surefire/maven-surefire-plugin/xsd/surefire-test-report-3.0.xsd" version="3.0" name="TestSuite" time="14.778" tests="6" errors="0" skipped="0" failures="0">
  <properties>
[...]
</properties>
  <testcase name="TestPostUser" classname="api.test.UserTest" time="4.861">
    <system-out><![CDATA[HTTP/1.1 200 OK
Date: Sun, 01 Oct 2023 15:20:15 GMT
Content-Type: application/json
Transfer-Encoding: chunked
Connection: keep-alive
Access-Control-Allow-Origin: *
Access-Control-Allow-Methods: GET, POST, DELETE, PUT
Access-Control-Allow-Headers: Content-Type, api_key, Authorization
Server: Jetty(9.2.9.v20150224)

{
    "code": 200,
    "type": "unknown",
    "message": "1665620686"
}
]]></system-out>
    <system-err><![CDATA[SLF4J: Failed to load class "org.slf4j.impl.StaticLoggerBinder".
SLF4J: Defaulting to no-operation (NOP) logger implementation
SLF4J: See http://www.slf4j.org/codes.html#StaticLoggerBinder for further details.
]]></system-err>
  </testcase>
  <testcase name="TestGetUser" classname="api.test.UserTest" time="1.498">
    <system-out><![CDATA[HTTP/1.1 200 OK
Date: Sun, 01 Oct 2023 15:20:17 GMT
Content-Type: application/json
Transfer-Encoding: chunked
Connection: keep-alive
Access-Control-Allow-Origin: *
Access-Control-Allow-Methods: GET, POST, DELETE, PUT
Access-Control-Allow-Headers: Content-Type, api_key, Authorization
Server: Jetty(9.2.9.v20150224)

{
    "id": 1665620686,
    "username": "alethia.romaguera",
    "email": "paul.oconner@example.com",
    "password": "9qp0283",
    "phone": "918.537.5143",
    "userStatus": 0
}
]]></system-out>
  </testcase>
  <testcase name="TestUpdateUser" classname="api.test.UserTest" time="2.914">
    <system-out><![CDATA[{
    "code": 200,
    "type": "unknown",
    "message": "1665620686"
}
]]></system-out>
  </testcase>
  <testcase name="TestDeleteUser" classname="api.test.UserTest" time="1.524">
    <system-out><![CDATA[HTTP/1.1 200 OK
Date: Sun, 01 Oct 2023 15:20:21 GMT
Content-Type: application/json
Transfer-Encoding: chunked
Connection: keep-alive
Access-Control-Allow-Origin: *
Access-Control-Allow-Methods: GET, POST, DELETE, PUT
Access-Control-Allow-Headers: Content-Type, api_key, Authorization
Server: Jetty(9.2.9.v20150224)

{
    "code": 200,
    "type": "unknown",
    "message": "alethia.romaguera"
}
]]></system-out>
  </testcase>
  <testcase name="testPostUser[1111, testuser1, KimWick, Kim@gmail.com, test@1, 23423](1)" classname="api.test.DDTest" time="1.398"/>
  <testcase name="testPostUser[1122, testuser2, Wang, Han@gmail.com, rest@2, 23433](2)" classname="api.test.DDTest" time="1.291"/>
</testsuite>