<?xml version="1.0" encoding="UTF-8"?>
<testng-results ignored="0" total="2" passed="2" failed="0" skipped="0">
  <reporter-output>
  </reporter-output>
  <suite started-at="2023-09-05T20:08:42 IST" name="Suite" finished-at="2023-09-05T20:08:45 IST" duration-ms="3834">
    <groups>
    </groups>
    <test started-at="2023-09-05T20:08:42 IST" name="Test" finished-at="2023-09-05T20:08:45 IST" duration-ms="3834">
      <class name="api.test.DDTest2usingProperties">
        <test-method signature="testPostUser(java.lang.String,java.lang.String,java.lang.String,java.lang.String,java.lang.String,java.lang.String)[pri:1, instance:api.test.DDTest2usingProperties@3c22fc4c]" started-at="2023-09-05T20:08:42 IST" name="testPostUser" data-provider="test" finished-at="2023-09-05T20:08:44 IST" duration-ms="2406" status="PASS">
          <params>
            <param index="0">
              <value>
                <![CDATA[1111]]>
              </value>
            </param>
            <param index="1">
              <value>
                <![CDATA[testuser1]]>
              </value>
            </param>
            <param index="2">
              <value>
                <![CDATA[KimWick]]>
              </value>
            </param>
            <param index="3">
              <value>
                <![CDATA[Kim@gmail.com]]>
              </value>
            </param>
            <param index="4">
              <value>
                <![CDATA[test@1]]>
              </value>
            </param>
            <param index="5">
              <value>
                <![CDATA[23423]]>
              </value>
            </param>
          </params>
          <reporter-output>
          </reporter-output>
        </test-method> <!-- testPostUser -->
        <test-method signature="testPostUser(java.lang.String,java.lang.String,java.lang.String,java.lang.String,java.lang.String,java.lang.String)[pri:1, instance:api.test.DDTest2usingProperties@3c22fc4c]" started-at="2023-09-05T20:08:44 IST" name="testPostUser" data-provider="test" finished-at="2023-09-05T20:08:45 IST" duration-ms="1304" status="PASS">
          <params>
            <param index="0">
              <value>
                <![CDATA[1122]]>
              </value>
            </param>
            <param index="1">
              <value>
                <![CDATA[testuser2]]>
              </value>
            </param>
            <param index="2">
              <value>
                <![CDATA[Wang]]>
              </value>
            </param>
            <param index="3">
              <value>
                <![CDATA[Han@gmail.com]]>
              </value>
            </param>
            <param index="4">
              <value>
                <![CDATA[rest@2]]>
              </value>
            </param>
            <param index="5">
              <value>
                <![CDATA[23433]]>
              </value>
            </param>
          </params>
          <reporter-output>
          </reporter-output>
        </test-method> <!-- testPostUser -->
      </class> <!-- api.test.DDTest2usingProperties -->
    </test> <!-- Test -->
  </suite> <!-- Suite -->
</testng-results>
