<?xml version="1.0" encoding="UTF-8"?>
<testng-results ignored="0" total="6" passed="6" failed="0" skipped="0">
  <reporter-output>
  </reporter-output>
  <suite started-at="2023-10-01T21:09:14 IST" name="Suite" finished-at="2023-10-01T21:09:28 IST" duration-ms="13629">
    <groups>
    </groups>
    <test started-at="2023-10-01T21:09:14 IST" name="Test" finished-at="2023-10-01T21:09:28 IST" duration-ms="13629">
      <class name="api.test.UserTest">
        <test-method is-config="true" signature="setUpData()[pri:0, instance:api.test.UserTest@74fe5c40]" started-at="2023-10-01T21:09:14 IST" name="setUpData" finished-at="2023-10-01T21:09:15 IST" duration-ms="345" status="PASS">
          <reporter-output>
          </reporter-output>
        </test-method> <!-- setUpData -->
        <test-method signature="TestPostUser()[pri:1, instance:api.test.UserTest@74fe5c40]" started-at="2023-10-01T21:09:15 IST" name="TestPostUser" finished-at="2023-10-01T21:09:19 IST" duration-ms="3873" status="PASS">
          <reporter-output>
          </reporter-output>
        </test-method> <!-- TestPostUser -->
        <test-method signature="TestGetUser()[pri:2, instance:api.test.UserTest@74fe5c40]" started-at="2023-10-01T21:09:19 IST" name="TestGetUser" finished-at="2023-10-01T21:09:20 IST" duration-ms="1461" status="PASS">
          <reporter-output>
          </reporter-output>
        </test-method> <!-- TestGetUser -->
        <test-method signature="TestUpdateUser()[pri:3, instance:api.test.UserTest@74fe5c40]" started-at="2023-10-01T21:09:20 IST" name="TestUpdateUser" finished-at="2023-10-01T21:09:23 IST" duration-ms="3088" status="PASS">
          <reporter-output>
          </reporter-output>
        </test-method> <!-- TestUpdateUser -->
        <test-method signature="TestDeleteUser()[pri:4, instance:api.test.UserTest@74fe5c40]" started-at="2023-10-01T21:09:23 IST" name="TestDeleteUser" finished-at="2023-10-01T21:09:25 IST" duration-ms="1421" status="PASS">
          <reporter-output>
          </reporter-output>
        </test-method> <!-- TestDeleteUser -->
      </class> <!-- api.test.UserTest -->
      <class name="api.test.DDTest">
        <test-method signature="testPostUser(java.lang.String,java.lang.String,java.lang.String,java.lang.String,java.lang.String,java.lang.String)[pri:1, instance:api.test.DDTest@7f0eb4b4]" started-at="2023-10-01T21:09:25 IST" name="testPostUser" data-provider="test" finished-at="2023-10-01T21:09:26 IST" duration-ms="1498" status="PASS">
          <params>
            <param index="0">
              <value>
                <![CDATA[1111]]>
              </value>
            </param>
            <param index="1">
              <value>
                <![CDATA[testuser1]]>
              </value>
            </param>
            <param index="2">
              <value>
                <![CDATA[KimWick]]>
              </value>
            </param>
            <param index="3">
              <value>
                <![CDATA[Kim@gmail.com]]>
              </value>
            </param>
            <param index="4">
              <value>
                <![CDATA[test@1]]>
              </value>
            </param>
            <param index="5">
              <value>
                <![CDATA[23423]]>
              </value>
            </param>
          </params>
          <reporter-output>
          </reporter-output>
        </test-method> <!-- testPostUser -->
        <test-method signature="testPostUser(java.lang.String,java.lang.String,java.lang.String,java.lang.String,java.lang.String,java.lang.String)[pri:1, instance:api.test.DDTest@7f0eb4b4]" started-at="2023-10-01T21:09:26 IST" name="testPostUser" data-provider="test" finished-at="2023-10-01T21:09:28 IST" duration-ms="1525" status="PASS">
          <params>
            <param index="0">
              <value>
                <![CDATA[1122]]>
              </value>
            </param>
            <param index="1">
              <value>
                <![CDATA[testuser2]]>
              </value>
            </param>
            <param index="2">
              <value>
                <![CDATA[Wang]]>
              </value>
            </param>
            <param index="3">
              <value>
                <![CDATA[Han@gmail.com]]>
              </value>
            </param>
            <param index="4">
              <value>
                <![CDATA[rest@2]]>
              </value>
            </param>
            <param index="5">
              <value>
                <![CDATA[23433]]>
              </value>
            </param>
          </params>
          <reporter-output>
          </reporter-output>
        </test-method> <!-- testPostUser -->
      </class> <!-- api.test.DDTest -->
    </test> <!-- Test -->
  </suite> <!-- Suite -->
</testng-results>
